<?xml version="1.0" encoding="UTF-8"?>
<!-- Generated by org.testng.reporters.JUnitReportReporter -->
<testsuite hostname="DESKTOP-T0OMVLN" failures="0" tests="8" name="demoapi.BasicTestCase" time="3.704" errors="0" timestamp="2021-06-18T11:59:44 BST" skipped="0">
  <testcase classname="demoapi.BasicTestCase" name="getLatest" time="1.805"/>
  <system-out/>
  <testcase classname="demoapi.BasicTestCase" name="getPopular" time="0.112"/>
  <system-out/>
  <testcase classname="demoapi.BasicTestCase" name="getPlaying" time="0.114"/>
  <system-out/>
  <testcase classname="demoapi.BasicTestCase" name="newRequestToekn" time="0.574"/>
  <system-out/>
  <testcase classname="demoapi.BasicTestCase" name="authorizeTheRequestToken" time="0.277"/>
  <system-out/>
  <testcase classname="demoapi.BasicTestCase" name="newSessionIdForAuthorizedUser" time="0.349"/>
  <system-out/>
  <testcase classname="demoapi.BasicTestCase" name="getPostMovie" time="0.277"/>
  <system-out/>
  <testcase classname="demoapi.BasicTestCase" name="deleteRating" time="0.196"/>
  <system-out/>
</testsuite> <!-- demoapi.BasicTestCase -->
